#
# A fatal error has been detected by the Java Runtime Environment:
#
#  SIGBUS (0xa) at pc=0x0000000309b38700, pid=35703, tid=8707
#
# JRE version: OpenJDK Runtime Environment Corretto-11.0.14.10.1 (11.0.14.1+10) (build 11.0.14.1+10-LTS)
# Java VM: OpenJDK 64-Bit Server VM Corretto-11.0.14.10.1 (11.0.14.1+10-LTS, mixed mode, tiered, compressed oops, g1 gc, bsd-amd64)
# Problematic frame:
# C  0x0000000309b38700
#
# No core dump will be written. Core dumps have been disabled. To enable core dumping, try "ulimit -c unlimited" before starting Java again
#
# If you would like to submit a bug report, please visit:
#   https://github.com/corretto/corretto-11/issues/
#

---------------  S U M M A R Y ------------

Command Line: -javaagent:/Applications/IntelliJ IDEA.app/Contents/lib/idea_rt.jar=63314:/Applications/IntelliJ IDEA.app/Contents/bin -agentpath:/private/var/folders/k6/dkc35rrd3kvf4z8xbpc5z4zh0000gn/T/libasyncProfiler.so=start,jfr,event=cpu,interval=1ms,event=alloc,file=/Users/jojunbeom/Unnamed_2022_06_14_235827.jfr -Dfile.encoding=UTF-8 com.project.board.BoardFrame

Host: MacBookAir10,1 x86_64 2400 MHz, 8 cores, 8G, Darwin 21.1.0
Time: Tue Jun 14 23:58:29 2022 KST elapsed time: 1.629968 seconds (0d 0h 0m 1s)

---------------  T H R E A D  ---------------

Current thread (0x00007fb638813000):  JavaThread "main" [_thread_in_vm, id=8707, stack(0x0000000309a39000,0x0000000309b39000)]

Stack: [0x0000000309a39000,0x0000000309b39000],  sp=0x0000000309b38788,  free space=1021k
Native frames: (J=compiled Java code, A=aot compiled Java code, j=interpreted, Vv=VM code, C=native code)
C  0x0000000309b38700


siginfo: si_signo: 10 (SIGBUS), si_code: 2 (BUS_ADRERR), si_addr: 0x0000000309b38700

Register to memory mapping:

RAX=0x000000010ca2a580: _ZN15JfrEventSetting19_jvm_event_settingsE+0 in /Users/jojunbeom/Library/Java/JavaVirtualMachines/corretto-11.0.14.1/Contents/Home/lib/server/libjvm.dylib at 0x000000010c059000
RBX=0x0000000309b387a8 is pointing into the stack for thread: 0x00007fb638813000
RCX=0x00007fb638813000 is a thread
RDX=0x0000000000000318 is an unknown value
RSP=0x0000000309b38788 is pointing into the stack for thread: 0x00007fb638813000
RBP=0x000000010c6216a6: _ZN12MemAllocator10Allocation17notify_allocationEv+0x16 in /Users/jojunbeom/Library/Java/JavaVirtualMachines/corretto-11.0.14.1/Contents/Home/lib/server/libjvm.dylib at 0x000000010c059000
RSI=0x0000000787c00000 is an oop: [Ljava.lang.Object; 
{0x0000000787c00000} - klass: 'java/lang/Object'[]
 - length: 194
RDI=0x0000000309b38758 is pointing into the stack for thread: 0x00007fb638813000
R8 =0x00007fb638813000 is a thread
R9 =0x00007fb638813000 is a thread
R10=0x00000000000000ea is an unknown value
R11=0x000000012ccc1dc0 is pointing into metadata
R12=0x00007fb638813000 is a thread
R13=0x00000000ffffffff is an unknown value
R14=0x0000000787c00000 is an oop: [Ljava.lang.Object; 
{0x0000000787c00000} - klass: 'java/lang/Object'[]
 - length: 194
R15=0x0 is NULL


Registers:
RAX=0x000000010ca2a580, RBX=0x0000000309b387a8, RCX=0x00007fb638813000, RDX=0x0000000000000318
RSP=0x0000000309b38788, RBP=0x000000010c6216a6, RSI=0x0000000787c00000, RDI=0x0000000309b38758
R8 =0x00007fb638813000, R9 =0x00007fb638813000, R10=0x00000000000000ea, R11=0x000000012ccc1dc0
R12=0x00007fb638813000, R13=0x00000000ffffffff, R14=0x0000000787c00000, R15=0x0000000000000000
RIP=0x0000000309b38700, EFLAGS=0x0000000000000216, ERR=0x0000000000000015
  TRAPNO=0x000000000000000e

Top of Stack: (sp=0x0000000309b38788)
0x0000000309b38788:   0000000309b38800 0000000309b387f0
0x0000000309b38798:   000000010c621a99 0000000000000100
0x0000000309b387a8:   0000000309b38800 00007fb638813000
0x0000000309b387b8:   0000000309b387d8 0000000000000000
0x0000000309b387c8:   0000000000000100 0000000309b38800
0x0000000309b387d8:   0000000787c00000 0000000000000002
0x0000000309b387e8:   00000000000000c2 0000000309b38830
0x0000000309b387f8:   000000010c283967 000000010c9cd990
0x0000000309b38808:   00007fb63800aa00 00007fb638813000
0x0000000309b38818:   0000000800013390 0000000000000063
0x0000000309b38828:   00000001000000c2 0000000309b38990
0x0000000309b38838:   000000010c402fd5 0000000000000001
0x0000000309b38848:   0000000000000002 00007fb638813000
0x0000000309b38858:   0000000000668138 00000000006a0000
0x0000000309b38868:   ffffffffffffffff 00006000028244e0
0x0000000309b38878:   0000600003d3cd80 0000000309b388a0
0x0000000309b38888:   000000010c63364a 000000010ca3ab98
0x0000000309b38898:   000000012ccc0040 0000000309b388e0
0x0000000309b388a8:   000000010c768eae 0000600001120260
0x0000000309b388b8:   00007fb638813000 0000000309b388f0
0x0000000309b388c8:   000000010c7696f3 00000000000000c8
0x0000000309b388d8:   0000600003d24700 0000000000000027
0x0000000309b388e8:   0000600003720420 0000000309b38930
0x0000000309b388f8:   000000010c769696 0000000000000018
0x0000000309b38908:   0000000000000027 0000600002228000
0x0000000309b38918:   0000000000000001 00007fb638813000
0x0000000309b38928:   0000600002228000 0000000309b38970
0x0000000309b38938:   000000010c637300 0000000300000000
0x0000000309b38948:   0000000000000098 00007fb638813000
0x0000000309b38958:   00000000000000c2 0339552bab22002a
0x0000000309b38968:   0000000309b38af8 00007fb638813000
0x0000000309b38978:   00000000000000c2 0000000000000098 

Instructions: (pc=0x0000000309b38700)
0x0000000309b38600:   30 86 b3 09 03 00 00 00 cc 16 37 0c 01 00 00 00
0x0000000309b38610:   00 e0 d3 03 00 60 00 00 f0 c0 a2 02 00 60 00 00
0x0000000309b38620:   f0 c0 a2 02 00 60 00 00 00 c4 89 17 b6 7f 00 00
0x0000000309b38630:   60 86 b3 09 03 00 00 00 1d ee 58 0c 01 00 00 00
0x0000000309b38640:   00 00 00 00 00 00 00 00 00 e0 d3 03 00 60 00 00
0x0000000309b38650:   70 86 b3 09 03 00 00 00 70 86 b3 09 03 00 00 00
0x0000000309b38660:   f0 86 b3 09 03 00 00 00 72 b4 36 0c 01 00 00 00
0x0000000309b38670:   f0 0f d2 01 00 60 00 00 00 c4 89 17 b6 7f 00 00
0x0000000309b38680:   80 2e 8a 17 b6 7f 00 00 e8 43 8a 17 b6 7f 00 00
0x0000000309b38690:   88 03 01 00 00 00 00 00 01 00 00 00 b6 7f 00 00
0x0000000309b386a0:   40 42 62 00 00 60 00 00 00 e0 d3 03 00 60 00 00
0x0000000309b386b0:   00 aa 00 38 b6 7f 00 00 00 00 c0 87 07 00 00 00
0x0000000309b386c0:   00 00 00 00 00 00 00 00 00 00 00 00 00 00 00 00
0x0000000309b386d0:   00 01 00 00 00 00 00 00 10 31 81 38 b6 7f 00 00
0x0000000309b386e0:   00 00 c0 87 07 00 00 00 18 87 b3 09 03 00 00 00
0x0000000309b386f0:   26 83 42 0c 01 00 00 00 18 03 00 00 00 00 00 00
0x0000000309b38700:   18 03 00 00 00 00 00 00 00 08 00 00 00 00 00 00
0x0000000309b38710:   90 33 01 00 08 00 00 00 78 87 b3 09 03 00 00 00
0x0000000309b38720:   97 5c 15 0c 01 00 00 00 00 00 00 00 00 00 00 00
0x0000000309b38730:   00 00 00 00 00 00 00 00 00 19 62 0c 01 00 00 00
0x0000000309b38740:   a8 87 b3 09 03 00 00 00 a8 87 b3 09 03 00 00 00
0x0000000309b38750:   a8 87 b3 09 03 00 00 00 00 30 81 38 b6 7f 00 00
0x0000000309b38760:   a8 87 b3 09 03 00 00 00 00 00 c0 87 07 00 00 00
0x0000000309b38770:   00 00 00 00 00 00 00 00 a6 16 62 0c 01 00 00 00
0x0000000309b38780:   00 87 b3 09 03 00 00 00 00 88 b3 09 03 00 00 00
0x0000000309b38790:   f0 87 b3 09 03 00 00 00 99 1a 62 0c 01 00 00 00
0x0000000309b387a0:   00 01 00 00 00 00 00 00 00 88 b3 09 03 00 00 00
0x0000000309b387b0:   00 30 81 38 b6 7f 00 00 d8 87 b3 09 03 00 00 00
0x0000000309b387c0:   00 00 00 00 00 00 00 00 00 01 00 00 00 00 00 00
0x0000000309b387d0:   00 88 b3 09 03 00 00 00 00 00 c0 87 07 00 00 00
0x0000000309b387e0:   02 00 00 00 00 00 00 00 c2 00 00 00 00 00 00 00
0x0000000309b387f0:   30 88 b3 09 03 00 00 00 67 39 28 0c 01 00 00 00 


Stack slot to memory mapping:
stack at sp + 0 slots: 0x0000000309b38800 is pointing into the stack for thread: 0x00007fb638813000
stack at sp + 1 slots: 0x0000000309b387f0 is pointing into the stack for thread: 0x00007fb638813000
stack at sp + 2 slots: 0x000000010c621a99: _ZNK12MemAllocator8allocateEv+0x77 in /Users/jojunbeom/Library/Java/JavaVirtualMachines/corretto-11.0.14.1/Contents/Home/lib/server/libjvm.dylib at 0x000000010c059000
stack at sp + 3 slots: 0x0000000000000100 is an unknown value
stack at sp + 4 slots: 0x0000000309b38800 is pointing into the stack for thread: 0x00007fb638813000
stack at sp + 5 slots: 0x00007fb638813000 is a thread
stack at sp + 6 slots: 0x0000000309b387d8 is pointing into the stack for thread: 0x00007fb638813000
stack at sp + 7 slots: 0x0 is NULL


---------------  P R O C E S S  ---------------

Threads class SMR info:
_java_thread_list=0x0000600001975100, length=12, elements={
0x00007fb638813000, 0x00007fb61782d000, 0x00007fb63780e800, 0x00007fb637818000,
0x00007fb638008800, 0x00007fb638039800, 0x00007fb63803a000, 0x00007fb63803b000,
0x00007fb617837000, 0x00007fb6378a6800, 0x00007fb6382bd800, 0x00007fb617969000
}

Java Threads: ( => current thread )
=>0x00007fb638813000 JavaThread "main" [_thread_in_vm, id=8707, stack(0x0000000309a39000,0x0000000309b39000)]
  0x00007fb61782d000 JavaThread "Reference Handler" daemon [_thread_blocked, id=16643, stack(0x000000030a14e000,0x000000030a24e000)]
  0x00007fb63780e800 JavaThread "Finalizer" daemon [_thread_blocked, id=16899, stack(0x000000030a251000,0x000000030a351000)]
  0x00007fb637818000 JavaThread "Signal Dispatcher" daemon [_thread_blocked, id=23299, stack(0x000000030a4eb000,0x000000030a5eb000)]
  0x00007fb638008800 JavaThread "Service Thread" daemon [_thread_blocked, id=23811, stack(0x000000030a5ee000,0x000000030a6ee000)]
  0x00007fb638039800 JavaThread "C2 CompilerThread0" daemon [_thread_blocked, id=40451, stack(0x000000030a6f1000,0x000000030a7f1000)]
  0x00007fb63803a000 JavaThread "C1 CompilerThread0" daemon [_thread_blocked, id=40195, stack(0x000000030a7f4000,0x000000030a8f4000)]
  0x00007fb63803b000 JavaThread "Sweeper thread" daemon [_thread_blocked, id=24835, stack(0x000000030a8f7000,0x000000030a9f7000)]
  0x00007fb617837000 JavaThread "Common-Cleaner" daemon [_thread_blocked, id=38915, stack(0x000000030a9fa000,0x000000030aafa000)]
  0x00007fb6378a6800 JavaThread "Monitor Ctrl-Break" daemon [_thread_in_native, id=26627, stack(0x000000030aafd000,0x000000030abfd000)]
  0x00007fb6382bd800 JavaThread "Async-profiler Timer" daemon [_thread_in_native, id=37767, stack(0x000000030ac00000,0x000000030ac80000)]
  0x00007fb617969000 JavaThread "Attach Listener" daemon [_thread_blocked, id=35339, stack(0x000000030ae09000,0x000000030af09000)]

Other Threads:
  0x00007fb617809800 VMThread "VM Thread" [stack: 0x000000030a04b000,0x000000030a14b000] [id=15619]
  0x00007fb638989800 WatcherThread [stack: 0x000000030ad06000,0x000000030ae06000] [id=27907]
  0x00007fb638011000 GCTaskThread "GC Thread#0" [stack: 0x0000000309b3c000,0x0000000309c3c000] [id=13571]
  0x00007fb638032000 ConcurrentGCThread "G1 Main Marker" [stack: 0x0000000309c3f000,0x0000000309d3f000] [id=19971]
  0x00007fb638814000 ConcurrentGCThread "G1 Conc#0" [stack: 0x0000000309d42000,0x0000000309e42000] [id=14083]
  0x00007fb638878000 ConcurrentGCThread "G1 Refine#0" [stack: 0x0000000309e45000,0x0000000309f45000] [id=14339]
  0x00007fb638879000 ConcurrentGCThread "G1 Young RemSet Sampling" [stack: 0x0000000309f48000,0x000000030a048000] [id=14595]

Threads with active compile tasks:

VM state:not at safepoint (normal execution)

VM Mutex/Monitor currently owned by a thread: None

Heap address: 0x0000000780000000, size: 2048 MB, Compressed Oops mode: Zero based, Oop shift amount: 3
Narrow klass base: 0x0000000800000000, Narrow klass shift: 0
Compressed class space size: 1073741824 Address: 0x0000000800000000

Heap:
 garbage-first heap   total 131072K, used 3072K [0x0000000780000000, 0x0000000800000000)
  region size 1024K, 4 young (4096K), 0 survivors (0K)
 Metaspace       used 6568K, capacity 6679K, committed 6784K, reserved 1056768K
  class space    used 564K, capacity 605K, committed 640K, reserved 1048576K
Heap Regions: E=young(eden), S=young(survivor), O=old, HS=humongous(starts), HC=humongous(continues), CS=collection set, F=free, A=archive, TAMS=top-at-mark-start (previous, next)
|   0|0x0000000780000000, 0x0000000780000000, 0x0000000780100000|  0%| F|  |TAMS 0x0000000780000000, 0x0000000780000000| Untracked 
|   1|0x0000000780100000, 0x0000000780100000, 0x0000000780200000|  0%| F|  |TAMS 0x0000000780100000, 0x0000000780100000| Untracked 
|   2|0x0000000780200000, 0x0000000780200000, 0x0000000780300000|  0%| F|  |TAMS 0x0000000780200000, 0x0000000780200000| Untracked 
|   3|0x0000000780300000, 0x0000000780300000, 0x0000000780400000|  0%| F|  |TAMS 0x0000000780300000, 0x0000000780300000| Untracked 
|   4|0x0000000780400000, 0x0000000780400000, 0x0000000780500000|  0%| F|  |TAMS 0x0000000780400000, 0x0000000780400000| Untracked 
|   5|0x0000000780500000, 0x0000000780500000, 0x0000000780600000|  0%| F|  |TAMS 0x0000000780500000, 0x0000000780500000| Untracked 
|   6|0x0000000780600000, 0x0000000780600000, 0x0000000780700000|  0%| F|  |TAMS 0x0000000780600000, 0x0000000780600000| Untracked 
|   7|0x0000000780700000, 0x0000000780700000, 0x0000000780800000|  0%| F|  |TAMS 0x0000000780700000, 0x0000000780700000| Untracked 
|   8|0x0000000780800000, 0x0000000780800000, 0x0000000780900000|  0%| F|  |TAMS 0x0000000780800000, 0x0000000780800000| Untracked 
|   9|0x0000000780900000, 0x0000000780900000, 0x0000000780a00000|  0%| F|  |TAMS 0x0000000780900000, 0x0000000780900000| Untracked 
|  10|0x0000000780a00000, 0x0000000780a00000, 0x0000000780b00000|  0%| F|  |TAMS 0x0000000780a00000, 0x0000000780a00000| Untracked 
|  11|0x0000000780b00000, 0x0000000780b00000, 0x0000000780c00000|  0%| F|  |TAMS 0x0000000780b00000, 0x0000000780b00000| Untracked 
|  12|0x0000000780c00000, 0x0000000780c00000, 0x0000000780d00000|  0%| F|  |TAMS 0x0000000780c00000, 0x0000000780c00000| Untracked 
|  13|0x0000000780d00000, 0x0000000780d00000, 0x0000000780e00000|  0%| F|  |TAMS 0x0000000780d00000, 0x0000000780d00000| Untracked 
|  14|0x0000000780e00000, 0x0000000780e00000, 0x0000000780f00000|  0%| F|  |TAMS 0x0000000780e00000, 0x0000000780e00000| Untracked 
|  15|0x0000000780f00000, 0x0000000780f00000, 0x0000000781000000|  0%| F|  |TAMS 0x0000000780f00000, 0x0000000780f00000| Untracked 
|  16|0x0000000781000000, 0x0000000781000000, 0x0000000781100000|  0%| F|  |TAMS 0x0000000781000000, 0x0000000781000000| Untracked 
|  17|0x0000000781100000, 0x0000000781100000, 0x0000000781200000|  0%| F|  |TAMS 0x0000000781100000, 0x0000000781100000| Untracked 
|  18|0x0000000781200000, 0x0000000781200000, 0x0000000781300000|  0%| F|  |TAMS 0x0000000781200000, 0x0000000781200000| Untracked 
|  19|0x0000000781300000, 0x0000000781300000, 0x0000000781400000|  0%| F|  |TAMS 0x0000000781300000, 0x0000000781300000| Untracked 
|  20|0x0000000781400000, 0x0000000781400000, 0x0000000781500000|  0%| F|  |TAMS 0x0000000781400000, 0x0000000781400000| Untracked 
|  21|0x0000000781500000, 0x0000000781500000, 0x0000000781600000|  0%| F|  |TAMS 0x0000000781500000, 0x0000000781500000| Untracked 
|  22|0x0000000781600000, 0x0000000781600000, 0x0000000781700000|  0%| F|  |TAMS 0x0000000781600000, 0x0000000781600000| Untracked 
|  23|0x0000000781700000, 0x0000000781700000, 0x0000000781800000|  0%| F|  |TAMS 0x0000000781700000, 0x0000000781700000| Untracked 
|  24|0x0000000781800000, 0x0000000781800000, 0x0000000781900000|  0%| F|  |TAMS 0x0000000781800000, 0x0000000781800000| Untracked 
|  25|0x0000000781900000, 0x0000000781900000, 0x0000000781a00000|  0%| F|  |TAMS 0x0000000781900000, 0x0000000781900000| Untracked 
|  26|0x0000000781a00000, 0x0000000781a00000, 0x0000000781b00000|  0%| F|  |TAMS 0x0000000781a00000, 0x0000000781a00000| Untracked 
|  27|0x0000000781b00000, 0x0000000781b00000, 0x0000000781c00000|  0%| F|  |TAMS 0x0000000781b00000, 0x0000000781b00000| Untracked 
|  28|0x0000000781c00000, 0x0000000781c00000, 0x0000000781d00000|  0%| F|  |TAMS 0x0000000781c00000, 0x0000000781c00000| Untracked 
|  29|0x0000000781d00000, 0x0000000781d00000, 0x0000000781e00000|  0%| F|  |TAMS 0x0000000781d00000, 0x0000000781d00000| Untracked 
|  30|0x0000000781e00000, 0x0000000781e00000, 0x0000000781f00000|  0%| F|  |TAMS 0x0000000781e00000, 0x0000000781e00000| Untracked 
|  31|0x0000000781f00000, 0x0000000781f00000, 0x0000000782000000|  0%| F|  |TAMS 0x0000000781f00000, 0x0000000781f00000| Untracked 
|  32|0x0000000782000000, 0x0000000782000000, 0x0000000782100000|  0%| F|  |TAMS 0x0000000782000000, 0x0000000782000000| Untracked 
|  33|0x0000000782100000, 0x0000000782100000, 0x0000000782200000|  0%| F|  |TAMS 0x0000000782100000, 0x0000000782100000| Untracked 
|  34|0x0000000782200000, 0x0000000782200000, 0x0000000782300000|  0%| F|  |TAMS 0x0000000782200000, 0x0000000782200000| Untracked 
|  35|0x0000000782300000, 0x0000000782300000, 0x0000000782400000|  0%| F|  |TAMS 0x0000000782300000, 0x0000000782300000| Untracked 
|  36|0x0000000782400000, 0x0000000782400000, 0x0000000782500000|  0%| F|  |TAMS 0x0000000782400000, 0x0000000782400000| Untracked 
|  37|0x0000000782500000, 0x0000000782500000, 0x0000000782600000|  0%| F|  |TAMS 0x0000000782500000, 0x0000000782500000| Untracked 
|  38|0x0000000782600000, 0x0000000782600000, 0x0000000782700000|  0%| F|  |TAMS 0x0000000782600000, 0x0000000782600000| Untracked 
|  39|0x0000000782700000, 0x0000000782700000, 0x0000000782800000|  0%| F|  |TAMS 0x0000000782700000, 0x0000000782700000| Untracked 
|  40|0x0000000782800000, 0x0000000782800000, 0x0000000782900000|  0%| F|  |TAMS 0x0000000782800000, 0x0000000782800000| Untracked 
|  41|0x0000000782900000, 0x0000000782900000, 0x0000000782a00000|  0%| F|  |TAMS 0x0000000782900000, 0x0000000782900000| Untracked 
|  42|0x0000000782a00000, 0x0000000782a00000, 0x0000000782b00000|  0%| F|  |TAMS 0x0000000782a00000, 0x0000000782a00000| Untracked 
|  43|0x0000000782b00000, 0x0000000782b00000, 0x0000000782c00000|  0%| F|  |TAMS 0x0000000782b00000, 0x0000000782b00000| Untracked 
|  44|0x0000000782c00000, 0x0000000782c00000, 0x0000000782d00000|  0%| F|  |TAMS 0x0000000782c00000, 0x0000000782c00000| Untracked 
|  45|0x0000000782d00000, 0x0000000782d00000, 0x0000000782e00000|  0%| F|  |TAMS 0x0000000782d00000, 0x0000000782d00000| Untracked 
|  46|0x0000000782e00000, 0x0000000782e00000, 0x0000000782f00000|  0%| F|  |TAMS 0x0000000782e00000, 0x0000000782e00000| Untracked 
|  47|0x0000000782f00000, 0x0000000782f00000, 0x0000000783000000|  0%| F|  |TAMS 0x0000000782f00000, 0x0000000782f00000| Untracked 
|  48|0x0000000783000000, 0x0000000783000000, 0x0000000783100000|  0%| F|  |TAMS 0x0000000783000000, 0x0000000783000000| Untracked 
|  49|0x0000000783100000, 0x0000000783100000, 0x0000000783200000|  0%| F|  |TAMS 0x0000000783100000, 0x0000000783100000| Untracked 
|  50|0x0000000783200000, 0x0000000783200000, 0x0000000783300000|  0%| F|  |TAMS 0x0000000783200000, 0x0000000783200000| Untracked 
|  51|0x0000000783300000, 0x0000000783300000, 0x0000000783400000|  0%| F|  |TAMS 0x0000000783300000, 0x0000000783300000| Untracked 
|  52|0x0000000783400000, 0x0000000783400000, 0x0000000783500000|  0%| F|  |TAMS 0x0000000783400000, 0x0000000783400000| Untracked 
|  53|0x0000000783500000, 0x0000000783500000, 0x0000000783600000|  0%| F|  |TAMS 0x0000000783500000, 0x0000000783500000| Untracked 
|  54|0x0000000783600000, 0x0000000783600000, 0x0000000783700000|  0%| F|  |TAMS 0x0000000783600000, 0x0000000783600000| Untracked 
|  55|0x0000000783700000, 0x0000000783700000, 0x0000000783800000|  0%| F|  |TAMS 0x0000000783700000, 0x0000000783700000| Untracked 
|  56|0x0000000783800000, 0x0000000783800000, 0x0000000783900000|  0%| F|  |TAMS 0x0000000783800000, 0x0000000783800000| Untracked 
|  57|0x0000000783900000, 0x0000000783900000, 0x0000000783a00000|  0%| F|  |TAMS 0x0000000783900000, 0x0000000783900000| Untracked 
|  58|0x0000000783a00000, 0x0000000783a00000, 0x0000000783b00000|  0%| F|  |TAMS 0x0000000783a00000, 0x0000000783a00000| Untracked 
|  59|0x0000000783b00000, 0x0000000783b00000, 0x0000000783c00000|  0%| F|  |TAMS 0x0000000783b00000, 0x0000000783b00000| Untracked 
|  60|0x0000000783c00000, 0x0000000783c00000, 0x0000000783d00000|  0%| F|  |TAMS 0x0000000783c00000, 0x0000000783c00000| Untracked 
|  61|0x0000000783d00000, 0x0000000783d00000, 0x0000000783e00000|  0%| F|  |TAMS 0x0000000783d00000, 0x0000000783d00000| Untracked 
|  62|0x0000000783e00000, 0x0000000783e00000, 0x0000000783f00000|  0%| F|  |TAMS 0x0000000783e00000, 0x0000000783e00000| Untracked 
|  63|0x0000000783f00000, 0x0000000783f00000, 0x0000000784000000|  0%| F|  |TAMS 0x0000000783f00000, 0x0000000783f00000| Untracked 
|  64|0x0000000784000000, 0x0000000784000000, 0x0000000784100000|  0%| F|  |TAMS 0x0000000784000000, 0x0000000784000000| Untracked 
|  65|0x0000000784100000, 0x0000000784100000, 0x0000000784200000|  0%| F|  |TAMS 0x0000000784100000, 0x0000000784100000| Untracked 
|  66|0x0000000784200000, 0x0000000784200000, 0x0000000784300000|  0%| F|  |TAMS 0x0000000784200000, 0x0000000784200000| Untracked 
|  67|0x0000000784300000, 0x0000000784300000, 0x0000000784400000|  0%| F|  |TAMS 0x0000000784300000, 0x0000000784300000| Untracked 
|  68|0x0000000784400000, 0x0000000784400000, 0x0000000784500000|  0%| F|  |TAMS 0x0000000784400000, 0x0000000784400000| Untracked 
|  69|0x0000000784500000, 0x0000000784500000, 0x0000000784600000|  0%| F|  |TAMS 0x0000000784500000, 0x0000000784500000| Untracked 
|  70|0x0000000784600000, 0x0000000784600000, 0x0000000784700000|  0%| F|  |TAMS 0x0000000784600000, 0x0000000784600000| Untracked 
|  71|0x0000000784700000, 0x0000000784700000, 0x0000000784800000|  0%| F|  |TAMS 0x0000000784700000, 0x0000000784700000| Untracked 
|  72|0x0000000784800000, 0x0000000784800000, 0x0000000784900000|  0%| F|  |TAMS 0x0000000784800000, 0x0000000784800000| Untracked 
|  73|0x0000000784900000, 0x0000000784900000, 0x0000000784a00000|  0%| F|  |TAMS 0x0000000784900000, 0x0000000784900000| Untracked 
|  74|0x0000000784a00000, 0x0000000784a00000, 0x0000000784b00000|  0%| F|  |TAMS 0x0000000784a00000, 0x0000000784a00000| Untracked 
|  75|0x0000000784b00000, 0x0000000784b00000, 0x0000000784c00000|  0%| F|  |TAMS 0x0000000784b00000, 0x0000000784b00000| Untracked 
|  76|0x0000000784c00000, 0x0000000784c00000, 0x0000000784d00000|  0%| F|  |TAMS 0x0000000784c00000, 0x0000000784c00000| Untracked 
|  77|0x0000000784d00000, 0x0000000784d00000, 0x0000000784e00000|  0%| F|  |TAMS 0x0000000784d00000, 0x0000000784d00000| Untracked 
|  78|0x0000000784e00000, 0x0000000784e00000, 0x0000000784f00000|  0%| F|  |TAMS 0x0000000784e00000, 0x0000000784e00000| Untracked 
|  79|0x0000000784f00000, 0x0000000784f00000, 0x0000000785000000|  0%| F|  |TAMS 0x0000000784f00000, 0x0000000784f00000| Untracked 
|  80|0x0000000785000000, 0x0000000785000000, 0x0000000785100000|  0%| F|  |TAMS 0x0000000785000000, 0x0000000785000000| Untracked 
|  81|0x0000000785100000, 0x0000000785100000, 0x0000000785200000|  0%| F|  |TAMS 0x0000000785100000, 0x0000000785100000| Untracked 
|  82|0x0000000785200000, 0x0000000785200000, 0x0000000785300000|  0%| F|  |TAMS 0x0000000785200000, 0x0000000785200000| Untracked 
|  83|0x0000000785300000, 0x0000000785300000, 0x0000000785400000|  0%| F|  |TAMS 0x0000000785300000, 0x0000000785300000| Untracked 
|  84|0x0000000785400000, 0x0000000785400000, 0x0000000785500000|  0%| F|  |TAMS 0x0000000785400000, 0x0000000785400000| Untracked 
|  85|0x0000000785500000, 0x0000000785500000, 0x0000000785600000|  0%| F|  |TAMS 0x0000000785500000, 0x0000000785500000| Untracked 
|  86|0x0000000785600000, 0x0000000785600000, 0x0000000785700000|  0%| F|  |TAMS 0x0000000785600000, 0x0000000785600000| Untracked 
|  87|0x0000000785700000, 0x0000000785700000, 0x0000000785800000|  0%| F|  |TAMS 0x0000000785700000, 0x0000000785700000| Untracked 
|  88|0x0000000785800000, 0x0000000785800000, 0x0000000785900000|  0%| F|  |TAMS 0x0000000785800000, 0x0000000785800000| Untracked 
|  89|0x0000000785900000, 0x0000000785900000, 0x0000000785a00000|  0%| F|  |TAMS 0x0000000785900000, 0x0000000785900000| Untracked 
|  90|0x0000000785a00000, 0x0000000785a00000, 0x0000000785b00000|  0%| F|  |TAMS 0x0000000785a00000, 0x0000000785a00000| Untracked 
|  91|0x0000000785b00000, 0x0000000785b00000, 0x0000000785c00000|  0%| F|  |TAMS 0x0000000785b00000, 0x0000000785b00000| Untracked 
|  92|0x0000000785c00000, 0x0000000785c00000, 0x0000000785d00000|  0%| F|  |TAMS 0x0000000785c00000, 0x0000000785c00000| Untracked 
|  93|0x0000000785d00000, 0x0000000785d00000, 0x0000000785e00000|  0%| F|  |TAMS 0x0000000785d00000, 0x0000000785d00000| Untracked 
|  94|0x0000000785e00000, 0x0000000785e00000, 0x0000000785f00000|  0%| F|  |TAMS 0x0000000785e00000, 0x0000000785e00000| Untracked 
|  95|0x0000000785f00000, 0x0000000785f00000, 0x0000000786000000|  0%| F|  |TAMS 0x0000000785f00000, 0x0000000785f00000| Untracked 
|  96|0x0000000786000000, 0x0000000786000000, 0x0000000786100000|  0%| F|  |TAMS 0x0000000786000000, 0x0000000786000000| Untracked 
|  97|0x0000000786100000, 0x0000000786100000, 0x0000000786200000|  0%| F|  |TAMS 0x0000000786100000, 0x0000000786100000| Untracked 
|  98|0x0000000786200000, 0x0000000786200000, 0x0000000786300000|  0%| F|  |TAMS 0x0000000786200000, 0x0000000786200000| Untracked 
|  99|0x0000000786300000, 0x0000000786300000, 0x0000000786400000|  0%| F|  |TAMS 0x0000000786300000, 0x0000000786300000| Untracked 
| 100|0x0000000786400000, 0x0000000786400000, 0x0000000786500000|  0%| F|  |TAMS 0x0000000786400000, 0x0000000786400000| Untracked 
| 101|0x0000000786500000, 0x0000000786500000, 0x0000000786600000|  0%| F|  |TAMS 0x0000000786500000, 0x0000000786500000| Untracked 
| 102|0x0000000786600000, 0x0000000786600000, 0x0000000786700000|  0%| F|  |TAMS 0x0000000786600000, 0x0000000786600000| Untracked 
| 103|0x0000000786700000, 0x0000000786700000, 0x0000000786800000|  0%| F|  |TAMS 0x0000000786700000, 0x0000000786700000| Untracked 
| 104|0x0000000786800000, 0x0000000786800000, 0x0000000786900000|  0%| F|  |TAMS 0x0000000786800000, 0x0000000786800000| Untracked 
| 105|0x0000000786900000, 0x0000000786900000, 0x0000000786a00000|  0%| F|  |TAMS 0x0000000786900000, 0x0000000786900000| Untracked 
| 106|0x0000000786a00000, 0x0000000786a00000, 0x0000000786b00000|  0%| F|  |TAMS 0x0000000786a00000, 0x0000000786a00000| Untracked 
| 107|0x0000000786b00000, 0x0000000786b00000, 0x0000000786c00000|  0%| F|  |TAMS 0x0000000786b00000, 0x0000000786b00000| Untracked 
| 108|0x0000000786c00000, 0x0000000786c00000, 0x0000000786d00000|  0%| F|  |TAMS 0x0000000786c00000, 0x0000000786c00000| Untracked 
| 109|0x0000000786d00000, 0x0000000786d00000, 0x0000000786e00000|  0%| F|  |TAMS 0x0000000786d00000, 0x0000000786d00000| Untracked 
| 110|0x0000000786e00000, 0x0000000786e00000, 0x0000000786f00000|  0%| F|  |TAMS 0x0000000786e00000, 0x0000000786e00000| Untracked 
| 111|0x0000000786f00000, 0x0000000786f00000, 0x0000000787000000|  0%| F|  |TAMS 0x0000000786f00000, 0x0000000786f00000| Untracked 
| 112|0x0000000787000000, 0x0000000787000000, 0x0000000787100000|  0%| F|  |TAMS 0x0000000787000000, 0x0000000787000000| Untracked 
| 113|0x0000000787100000, 0x0000000787100000, 0x0000000787200000|  0%| F|  |TAMS 0x0000000787100000, 0x0000000787100000| Untracked 
| 114|0x0000000787200000, 0x0000000787200000, 0x0000000787300000|  0%| F|  |TAMS 0x0000000787200000, 0x0000000787200000| Untracked 
| 115|0x0000000787300000, 0x0000000787300000, 0x0000000787400000|  0%| F|  |TAMS 0x0000000787300000, 0x0000000787300000| Untracked 
| 116|0x0000000787400000, 0x0000000787400000, 0x0000000787500000|  0%| F|  |TAMS 0x0000000787400000, 0x0000000787400000| Untracked 
| 117|0x0000000787500000, 0x0000000787500000, 0x0000000787600000|  0%| F|  |TAMS 0x0000000787500000, 0x0000000787500000| Untracked 
| 118|0x0000000787600000, 0x0000000787600000, 0x0000000787700000|  0%| F|  |TAMS 0x0000000787600000, 0x0000000787600000| Untracked 
| 119|0x0000000787700000, 0x0000000787700000, 0x0000000787800000|  0%| F|  |TAMS 0x0000000787700000, 0x0000000787700000| Untracked 
| 120|0x0000000787800000, 0x0000000787800000, 0x0000000787900000|  0%| F|  |TAMS 0x0000000787800000, 0x0000000787800000| Untracked 
| 121|0x0000000787900000, 0x0000000787900000, 0x0000000787a00000|  0%| F|  |TAMS 0x0000000787900000, 0x0000000787900000| Untracked 
| 122|0x0000000787a00000, 0x0000000787a00000, 0x0000000787b00000|  0%| F|  |TAMS 0x0000000787a00000, 0x0000000787a00000| Untracked 
| 123|0x0000000787b00000, 0x0000000787b00000, 0x0000000787c00000|  0%| F|  |TAMS 0x0000000787b00000, 0x0000000787b00000| Untracked 
| 124|0x0000000787c00000, 0x0000000787c00800, 0x0000000787d00000|  0%| E|  |TAMS 0x0000000787c00000, 0x0000000787c00000| Complete 
| 125|0x0000000787d00000, 0x0000000787e00000, 0x0000000787e00000|100%| E|CS|TAMS 0x0000000787d00000, 0x0000000787d00000| Complete 
| 126|0x0000000787e00000, 0x0000000787f00000, 0x0000000787f00000|100%| E|CS|TAMS 0x0000000787e00000, 0x0000000787e00000| Complete 
| 127|0x0000000787f00000, 0x0000000788000000, 0x0000000788000000|100%| E|CS|TAMS 0x0000000787f00000, 0x0000000787f00000| Complete 

Card table byte_map: [0x0000000125e53000,0x0000000126253000] _byte_map_base: 0x0000000122253000

Marking Bits (Prev, Next): (CMBitMap*) 0x00007fb638029418, (CMBitMap*) 0x00007fb638029450
 Prev Bits: [0x0000000126653000, 0x0000000128653000)
 Next Bits: [0x0000000128653000, 0x000000012a653000)

Polling page: 0x0000000102c24000

Metaspace:

Usage:
  Non-class:      5.93 MB capacity,     5.86 MB ( 99%) used,    65.82 KB (  1%) free+waste,     4.25 KB ( <1%) overhead. 
      Class:    605.00 KB capacity,   564.69 KB ( 93%) used,    38.38 KB (  6%) free+waste,     1.94 KB ( <1%) overhead. 
       Both:      6.52 MB capacity,     6.41 MB ( 98%) used,   104.20 KB (  2%) free+waste,     6.19 KB ( <1%) overhead. 

Virtual space:
  Non-class space:        8.00 MB reserved,       6.00 MB ( 75%) committed 
      Class space:        1.00 GB reserved,     640.00 KB ( <1%) committed 
             Both:        1.01 GB reserved,       6.62 MB ( <1%) committed 

Chunk freelists:
   Non-Class:  38.00 KB
       Class:  3.00 KB
        Both:  41.00 KB

MaxMetaspaceSize: unlimited
CompressedClassSpaceSize: 1.00 GB
Initial GC threshold: 20.80 MB
Current GC threshold: 20.80 MB
CDS: off

CodeHeap 'non-profiled nmethods': size=120032Kb used=68Kb max_used=68Kb free=119963Kb
 bounds [0x000000011e430000, 0x000000011e6a0000, 0x0000000125968000]
CodeHeap 'profiled nmethods': size=120028Kb used=308Kb max_used=308Kb free=119719Kb
 bounds [0x0000000116ef9000, 0x0000000117169000, 0x000000011e430000]
CodeHeap 'non-nmethods': size=5700Kb used=1083Kb max_used=1083Kb free=4616Kb
 bounds [0x0000000116968000, 0x0000000116bd8000, 0x0000000116ef9000]
 total_blobs=539 nmethods=212 adapters=242
 compilation: enabled
              stopped_count=0, restarted_count=0
 full_count=0

Compilation events (20 events):
Event: 1.554 Thread 0x00007fb63803a000  201       3       java.lang.AbstractStringBuilder::<init> (39 bytes)
Event: 1.554 Thread 0x00007fb63803a000 nmethod 201 0x0000000116f3de90 code [0x0000000116f3e040, 0x0000000116f3e2d0]
Event: 1.554 Thread 0x00007fb63803a000  203       3       java.lang.invoke.MethodType::parameterType (7 bytes)
Event: 1.554 Thread 0x00007fb63803a000 nmethod 203 0x0000000116f3e410 code [0x0000000116f3e5c0, 0x0000000116f3e6f0]
Event: 1.554 Thread 0x00007fb63803a000  202       3       java.lang.StringBuilder::<init> (7 bytes)
Event: 1.554 Thread 0x00007fb63803a000 nmethod 202 0x0000000116f3e810 code [0x0000000116f3e9c0, 0x0000000116f3eae0]
Event: 1.555 Thread 0x00007fb63803a000  205       3       java.lang.invoke.MethodType::checkSlotCount (33 bytes)
Event: 1.556 Thread 0x00007fb63803a000 nmethod 205 0x0000000116f3eb90 code [0x0000000116f3ee00, 0x0000000116f3f6d0]
Event: 1.559 Thread 0x00007fb63803a000  207       3       java.util.concurrent.ConcurrentHashMap::casTabAt (21 bytes)
Event: 1.559 Thread 0x00007fb63803a000 nmethod 207 0x0000000116f3fc90 code [0x0000000116f3fe40, 0x0000000116f3ffb0]
Event: 1.559 Thread 0x00007fb63803a000  208       3       jdk.internal.misc.Unsafe::putObjectRelease (9 bytes)
Event: 1.559 Thread 0x00007fb63803a000 nmethod 208 0x0000000116f40090 code [0x0000000116f40240, 0x0000000116f40390]
Event: 1.561 Thread 0x00007fb63803a000  209 %     3       java.util.Properties$LineReader::readLine @ 224 (635 bytes)
Event: 1.565 Thread 0x00007fb63803a000 nmethod 209% 0x0000000116f40490 code [0x0000000116f40860, 0x0000000116f43710]
Event: 1.565 Thread 0x00007fb63803a000  210       3       sun.nio.fs.UnixPath::checkNotNul (16 bytes)
Event: 1.566 Thread 0x00007fb63803a000 nmethod 210 0x0000000116f45290 code [0x0000000116f45460, 0x0000000116f45600]
Event: 1.566 Thread 0x00007fb63803a000  211       1       java.lang.invoke.MethodHandle::type (5 bytes)
Event: 1.566 Thread 0x00007fb63803a000 nmethod 211 0x000000011e440f10 code [0x000000011e4410c0, 0x000000011e441170]
Event: 1.566 Thread 0x00007fb63803a000  212       3       jdk.internal.org.objectweb.asm.ClassWriter::newUTF8 (70 bytes)
Event: 1.566 Thread 0x00007fb63803a000 nmethod 212 0x0000000116f45790 code [0x0000000116f459a0, 0x0000000116f45d30]

GC Heap History (0 events):
No events

Deoptimization events (0 events):
No events

Classes redefined (0 events):
No events

Internal exceptions (2 events):
Event: 1.543 Thread 0x00007fb638813000 Exception <a 'java/lang/NoClassDefFoundError'{0x0000000787edbaf0}: jdk/internal/loader/NativeLibraries> (0x0000000787edbaf0) thrown at [src/hotspot/share/classfile/systemDictionary.cpp, line 219]
Event: 1.552 Thread 0x00007fb638813000 Exception <a 'java/lang/NoSuchMethodError'{0x0000000787edd968}: 'java.lang.Object java.lang.invoke.DirectMethodHandle$Holder.invokeStaticInit(java.lang.Object, java.lang.Object, java.lang.Object)'> (0x0000000787edd968) thrown at [src/hotspot/share/interpreter/linkResolver.cpp, line 773]

Events (20 events):
Event: 1.563 loading class java/nio/file/Paths
Event: 1.563 loading class java/nio/file/Paths done
Event: 1.564 loading class java/lang/WeakPairMap$Pair$Weak
Event: 1.564 loading class java/lang/WeakPairMap$WeakRefPeer
Event: 1.564 loading class java/lang/WeakPairMap$WeakRefPeer done
Event: 1.564 loading class java/lang/WeakPairMap$Pair$Weak done
Event: 1.564 loading class java/lang/WeakPairMap$Pair$Weak$1
Event: 1.564 loading class java/lang/WeakPairMap$Pair$Weak$1 done
Event: 1.566 loading class jdk/internal/vm/VMSupport
Event: 1.567 loading class jdk/internal/vm/VMSupport done
Event: 1.568 Protecting memory [0x000000030ac00000,0x000000030ac04000] with protection modes 0
Event: 1.568 Thread 0x00007fb6382bd800 Thread added: 0x00007fb6382bd800
Event: 1.581 Executing VM operation: EnableBiasedLocking
Event: 1.585 Executing VM operation: EnableBiasedLocking done
Event: 1.587 loading class jdk/internal/vm/PostVMInitHook
Event: 1.587 loading class jdk/internal/vm/PostVMInitHook done
Event: 1.592 loading class sun/launcher/LauncherHelper
Event: 1.613 loading class sun/launcher/LauncherHelper done
Event: 1.614 Thread 0x00007fb617969000 Thread added: 0x00007fb617969000
Event: 1.615 Protecting memory [0x000000030ae09000,0x000000030ae0d000] with protection modes 0


Dynamic libraries:
0x000000010b256000 	/Users/jojunbeom/Library/Java/JavaVirtualMachines/corretto-11.0.14.1/Contents/Home/lib/jli/libjli.dylib
0x00007ff82902c000 	/System/Library/Frameworks/Cocoa.framework/Versions/A/Cocoa
0x00007ff8148cd000 	/System/Library/Frameworks/AppKit.framework/Versions/C/AppKit
0x00007ff817e1d000 	/System/Library/Frameworks/CoreData.framework/Versions/A/CoreData
0x00007ff812ce8000 	/System/Library/Frameworks/Foundation.framework/Versions/C/Foundation
0x00007ff81d110000 	/usr/lib/libSystem.B.dylib
0x00007ff81575a000 	/System/Library/PrivateFrameworks/UIFoundation.framework/Versions/A/UIFoundation
0x00007ff823004000 	/System/Library/PrivateFrameworks/RemoteViewServices.framework/Versions/A/RemoteViewServices
0x00007ff81b303000 	/System/Library/PrivateFrameworks/XCTTargetBootstrap.framework/Versions/A/XCTTargetBootstrap
0x00007ff81efdb000 	/System/Library/PrivateFrameworks/InternationalSupport.framework/Versions/A/InternationalSupport
0x00007ff81f065000 	/System/Library/PrivateFrameworks/UserActivity.framework/Versions/A/UserActivity
0x00007ff81e3c2000 	/usr/lib/libspindump.dylib
0x00007ff8159e8000 	/System/Library/Frameworks/UniformTypeIdentifiers.framework/Versions/A/UniformTypeIdentifiers
0x00007ff819a42000 	/usr/lib/libapp_launch_measurement.dylib
0x00007ff8187f7000 	/System/Library/PrivateFrameworks/CoreAnalytics.framework/Versions/A/CoreAnalytics
0x00007ff819a45000 	/System/Library/PrivateFrameworks/CoreAutoLayout.framework/Versions/A/CoreAutoLayout
0x00007ff81ac64000 	/System/Library/Frameworks/Metal.framework/Versions/A/Metal
0x00007ff81b97b000 	/usr/lib/liblangid.dylib
0x00007ff81b307000 	/System/Library/PrivateFrameworks/CoreSVG.framework/Versions/A/CoreSVG
0x00007ff816daa000 	/System/Library/PrivateFrameworks/SkyLight.framework/Versions/A/SkyLight
0x00007ff81713b000 	/System/Library/Frameworks/CoreGraphics.framework/Versions/A/CoreGraphics
0x00007ff82366f000 	/System/Library/Frameworks/Accelerate.framework/Versions/A/Accelerate
0x00007ff81de3d000 	/System/Library/PrivateFrameworks/IconServices.framework/Versions/A/IconServices
0x00007ff81ac49000 	/System/Library/Frameworks/IOSurface.framework/Versions/A/IOSurface
0x00007ff818825000 	/usr/lib/libDiagnosticMessagesClient.dylib
0x00007ff81d02a000 	/usr/lib/libz.1.dylib
0x00007ff826cce000 	/System/Library/Frameworks/ApplicationServices.framework/Versions/A/ApplicationServices
0x00007ff81b2ef000 	/System/Library/PrivateFrameworks/DFRFoundation.framework/Versions/A/DFRFoundation
0x00007ff8141be000 	/usr/lib/libicucore.A.dylib
0x00007ff81fcfd000 	/System/Library/Frameworks/AudioToolbox.framework/Versions/A/AudioToolbox
0x00007ff81efe7000 	/System/Library/PrivateFrameworks/DataDetectorsCore.framework/Versions/A/DataDetectorsCore
0x00007ff91a77c000 	/System/Library/PrivateFrameworks/TextInput.framework/Versions/A/TextInput
0x00007ff816d2d000 	/usr/lib/libMobileGestalt.dylib
0x00007ff81aff7000 	/System/Library/Frameworks/Carbon.framework/Versions/A/Frameworks/HIToolbox.framework/Versions/A/HIToolbox
0x00007ff819470000 	/System/Library/Frameworks/QuartzCore.framework/Versions/A/QuartzCore
0x00007ff813e5f000 	/System/Library/Frameworks/Security.framework/Versions/A/Security
0x00007ff82303c000 	/System/Library/Frameworks/Carbon.framework/Versions/A/Frameworks/SpeechRecognition.framework/Versions/A/SpeechRecognition
0x00007ff8197a2000 	/System/Library/PrivateFrameworks/CoreUI.framework/Versions/A/CoreUI
0x00007ff813739000 	/System/Library/Frameworks/CoreAudio.framework/Versions/A/CoreAudio
0x00007ff818913000 	/System/Library/Frameworks/DiskArbitration.framework/Versions/A/DiskArbitration
0x00007ff81e7a5000 	/System/Library/PrivateFrameworks/MultitouchSupport.framework/Versions/A/MultitouchSupport
0x00007ff816d2c000 	/usr/lib/libenergytrace.dylib
0x00007ff8147b9000 	/System/Library/Frameworks/IOKit.framework/Versions/A/IOKit
0x00007ff823426000 	/System/Library/Frameworks/CoreServices.framework/Versions/A/CoreServices
0x00007ff8199dc000 	/System/Library/PrivateFrameworks/PerformanceAnalysis.framework/Versions/A/PerformanceAnalysis
0x00007ffa2a1eb000 	/System/Library/Frameworks/OpenGL.framework/Versions/A/OpenGL
0x00007ff81c662000 	/System/Library/PrivateFrameworks/MobileKeyBag.framework/Versions/A/MobileKeyBag
0x00007ff811d80000 	/usr/lib/libobjc.A.dylib
0x00007ff81786a000 	/System/Library/Frameworks/ColorSync.framework/Versions/A/ColorSync
0x00007ff811f3c000 	/System/Library/Frameworks/CoreFoundation.framework/Versions/A/CoreFoundation
0x00007ff81b582000 	/System/Library/Frameworks/CoreImage.framework/Versions/A/CoreImage
0x00007ff81354f000 	/System/Library/Frameworks/CoreText.framework/Versions/A/CoreText
0x00007ff81b336000 	/System/Library/Frameworks/ImageIO.framework/Versions/A/ImageIO
0x00007ff81d116000 	/System/Library/PrivateFrameworks/SoftLinking.framework/Versions/A/SoftLinking
0x00007ff819a8d000 	/usr/lib/libxml2.2.dylib
0x00007ff811e49000 	/usr/lib/libc++.1.dylib
0x00007ff81d396000 	/usr/lib/libcompression.dylib
0x00007ff81ef11000 	/System/Library/PrivateFrameworks/TextureIO.framework/Versions/A/TextureIO
0x00007ff81dab6000 	/usr/lib/libate.dylib
0x00007ff81d10b000 	/usr/lib/system/libcache.dylib
0x00007ff81d0c7000 	/usr/lib/system/libcommonCrypto.dylib
0x00007ff81d0f0000 	/usr/lib/system/libcompiler_rt.dylib
0x00007ff81d0e6000 	/usr/lib/system/libcopyfile.dylib
0x00007ff811c7a000 	/usr/lib/system/libcorecrypto.dylib
0x00007ff811d39000 	/usr/lib/system/libdispatch.dylib
0x00007ff811efb000 	/usr/lib/system/libdyld.dylib
0x00007ff81d102000 	/usr/lib/system/libkeymgr.dylib
0x00007ff81d0a5000 	/usr/lib/system/libmacho.dylib
0x00007ff81c736000 	/usr/lib/system/libquarantine.dylib
0x00007ff81d100000 	/usr/lib/system/libremovefile.dylib
0x00007ff816d79000 	/usr/lib/system/libsystem_asl.dylib
0x00007ff811c28000 	/usr/lib/system/libsystem_blocks.dylib
0x00007ff811dc0000 	/usr/lib/system/libsystem_c.dylib
0x00007ff81d0f8000 	/usr/lib/system/libsystem_collections.dylib
0x00007ff81b96c000 	/usr/lib/system/libsystem_configuration.dylib
0x00007ff81ac2c000 	/usr/lib/system/libsystem_containermanager.dylib
0x00007ff81cdde000 	/usr/lib/system/libsystem_coreservices.dylib
0x00007ff814447000 	/usr/lib/system/libsystem_darwin.dylib
0x00007ff81d103000 	/usr/lib/system/libsystem_dnssd.dylib
0x00007ff811dbd000 	/usr/lib/system/libsystem_featureflags.dylib
0x00007ff811f11000 	/usr/lib/system/libsystem_info.dylib
0x00007ff81d03d000 	/usr/lib/system/libsystem_m.dylib
0x00007ff811d0d000 	/usr/lib/system/libsystem_malloc.dylib
0x00007ff816d16000 	/usr/lib/system/libsystem_networkextension.dylib
0x00007ff81486f000 	/usr/lib/system/libsystem_notify.dylib
0x00007ff8232fd000 	/usr/lib/system/libsystem_product_info_filter.dylib
0x00007ff81b970000 	/usr/lib/system/libsystem_sandbox.dylib
0x00007ff81d0fd000 	/usr/lib/system/libsystem_secinit.dylib
0x00007ff811eb8000 	/usr/lib/system/libsystem_kernel.dylib
0x00007ff811f07000 	/usr/lib/system/libsystem_platform.dylib
0x00007ff811eef000 	/usr/lib/system/libsystem_pthread.dylib
0x00007ff81863d000 	/usr/lib/system/libsystem_symptoms.dylib
0x00007ff811c61000 	/usr/lib/system/libsystem_trace.dylib
0x00007ff81d0d3000 	/usr/lib/system/libunwind.dylib
0x00007ff811c2a000 	/usr/lib/system/libxpc.dylib
0x00007ff811ea2000 	/usr/lib/libc++abi.dylib
0x00007ff81d0de000 	/usr/lib/liboah.dylib
0x00007ff81d86f000 	/usr/lib/liblzma.5.dylib
0x00007ff8129f9000 	/System/Library/Frameworks/SystemConfiguration.framework/Versions/A/SystemConfiguration
0x00007ff81d112000 	/usr/lib/libfakelink.dylib
0x00007ff816880000 	/System/Library/Frameworks/CFNetwork.framework/Versions/A/CFNetwork
0x00007ff81d251000 	/usr/lib/libarchive.2.dylib
0x00007ff81b977000 	/System/Library/PrivateFrameworks/AppleSystemInfo.framework/Versions/A/AppleSystemInfo
0x00007ff81c75c000 	/usr/lib/libbsm.0.dylib
0x00007ff815eb7000 	/usr/lib/libnetwork.dylib
0x00007ff81d0ab000 	/usr/lib/system/libkxld.dylib
0x00007ff81c38b000 	/System/Library/PrivateFrameworks/IOMobileFramebuffer.framework/Versions/A/IOMobileFramebuffer
0x00007ffb27b8d000 	/usr/lib/libCoreEntitlements.dylib
0x00007ff81cdc0000 	/System/Library/PrivateFrameworks/AppleFSCompression.framework/Versions/A/AppleFSCompression
0x00007ff81c745000 	/usr/lib/libcoretls.dylib
0x00007ff81d889000 	/usr/lib/libcoretls_cfhelpers.dylib
0x00007ff81d391000 	/usr/lib/libpam.2.dylib
0x00007ff818263000 	/usr/lib/libsqlite3.dylib
0x00007ff81d8f8000 	/usr/lib/libxar.1.dylib
0x00007ff81cdd0000 	/usr/lib/libbz2.1.0.dylib
0x00007ff81d117000 	/usr/lib/libpcap.A.dylib
0x00007ff818634000 	/usr/lib/libdns_services.dylib
0x00007ff81d363000 	/usr/lib/libapple_nghttp2.dylib
0x00007ff81d14e000 	/usr/lib/libiconv.2.dylib
0x00007ff81d0a4000 	/usr/lib/libcharset.1.dylib
0x00007ff819a10000 	/System/Library/Frameworks/CoreServices.framework/Versions/A/Frameworks/FSEvents.framework/Versions/A/FSEvents
0x00007ff814451000 	/System/Library/Frameworks/CoreServices.framework/Versions/A/Frameworks/CarbonCore.framework/Versions/A/CarbonCore
0x00007ff818878000 	/System/Library/Frameworks/CoreServices.framework/Versions/A/Frameworks/Metadata.framework/Versions/A/Metadata
0x00007ff81cde3000 	/System/Library/Frameworks/CoreServices.framework/Versions/A/Frameworks/OSServices.framework/Versions/A/OSServices
0x00007ff81d2d7000 	/System/Library/Frameworks/CoreServices.framework/Versions/A/Frameworks/SearchKit.framework/Versions/A/SearchKit
0x00007ff8185c6000 	/System/Library/Frameworks/CoreServices.framework/Versions/A/Frameworks/AE.framework/Versions/A/AE
0x00007ff81243d000 	/System/Library/Frameworks/CoreServices.framework/Versions/A/Frameworks/LaunchServices.framework/Versions/A/LaunchServices
0x00007ff81d820000 	/System/Library/Frameworks/CoreServices.framework/Versions/A/Frameworks/DictionaryServices.framework/Versions/A/DictionaryServices
0x00007ff819a1d000 	/System/Library/Frameworks/CoreServices.framework/Versions/A/Frameworks/SharedFileList.framework/Versions/A/SharedFileList
0x00007ff81c739000 	/usr/lib/libCheckFix.dylib
0x00007ff816d90000 	/System/Library/PrivateFrameworks/TCC.framework/Versions/A/TCC
0x00007ff81b97d000 	/System/Library/PrivateFrameworks/CoreNLP.framework/Versions/A/CoreNLP
0x00007ff818828000 	/System/Library/PrivateFrameworks/MetadataUtilities.framework/Versions/A/MetadataUtilities
0x00007ff812aa9000 	/usr/lib/libmecabra.dylib
0x00007ff81c76c000 	/usr/lib/libmecab.dylib
0x00007ff812a74000 	/usr/lib/libCRFSuite.dylib
0x00007ff81c7c9000 	/usr/lib/libgermantok.dylib
0x00007ff81d33e000 	/usr/lib/libThaiTokenizer.dylib
0x00007ff81891a000 	/System/Library/Frameworks/Accelerate.framework/Versions/A/Frameworks/vImage.framework/Versions/A/vImage
0x00007ff8233fd000 	/System/Library/Frameworks/Accelerate.framework/Versions/A/Frameworks/vecLib.framework/Versions/A/vecLib
0x00007ff81d939000 	/System/Library/Frameworks/Accelerate.framework/Versions/A/Frameworks/vecLib.framework/Versions/A/libvMisc.dylib
0x00007ff81c17f000 	/System/Library/Frameworks/Accelerate.framework/Versions/A/Frameworks/vecLib.framework/Versions/A/libvDSP.dylib
0x00007ff8127b5000 	/System/Library/Frameworks/Accelerate.framework/Versions/A/Frameworks/vecLib.framework/Versions/A/libBLAS.dylib
0x00007ff81d473000 	/System/Library/Frameworks/Accelerate.framework/Versions/A/Frameworks/vecLib.framework/Versions/A/libLAPACK.dylib
0x00007ff81c7cc000 	/System/Library/Frameworks/Accelerate.framework/Versions/A/Frameworks/vecLib.framework/Versions/A/libLinearAlgebra.dylib
0x00007ff81d37c000 	/System/Library/Frameworks/Accelerate.framework/Versions/A/Frameworks/vecLib.framework/Versions/A/libSparseBLAS.dylib
0x00007ff81d46d000 	/System/Library/Frameworks/Accelerate.framework/Versions/A/Frameworks/vecLib.framework/Versions/A/libQuadrature.dylib
0x00007ff81ba67000 	/System/Library/Frameworks/Accelerate.framework/Versions/A/Frameworks/vecLib.framework/Versions/A/libBNNS.dylib
0x00007ff81298a000 	/System/Library/Frameworks/Accelerate.framework/Versions/A/Frameworks/vecLib.framework/Versions/A/libSparse.dylib
0x00007ff81ba60000 	/System/Library/PrivateFrameworks/LinguisticData.framework/Versions/A/LinguisticData
0x00007ff81293f000 	/System/Library/PrivateFrameworks/Lexicon.framework/Versions/A/Lexicon
0x00007ff81d932000 	/usr/lib/libChineseTokenizer.dylib
0x00007ff8130a3000 	/System/Library/PrivateFrameworks/LanguageModeling.framework/Versions/A/LanguageModeling
0x00007ff81d340000 	/System/Library/PrivateFrameworks/AppleSauce.framework/Versions/A/AppleSauce
0x00007ff81c379000 	/System/Library/PrivateFrameworks/CoreEmoji.framework/Versions/A/CoreEmoji
0x00007ff81d240000 	/usr/lib/libcmph.dylib
0x00007ff8199f4000 	/System/Library/Frameworks/OpenDirectory.framework/Versions/A/Frameworks/CFOpenDirectory.framework/Versions/A/CFOpenDirectory
0x00007ff8199e8000 	/System/Library/Frameworks/OpenDirectory.framework/Versions/A/OpenDirectory
0x00007ff81d88b000 	/System/Library/PrivateFrameworks/APFS.framework/Versions/A/APFS
0x00007ff81c69a000 	/System/Library/Frameworks/SecurityFoundation.framework/Versions/A/SecurityFoundation
0x00007ff81d906000 	/usr/lib/libutil.dylib
0x00007ff81477c000 	/System/Library/PrivateFrameworks/CoreServicesStore.framework/Versions/A/CoreServicesStore
0x00007ff81d90a000 	/usr/lib/libxslt.1.dylib
0x00007ff81c727000 	/System/Library/PrivateFrameworks/BackgroundTaskManagement.framework/Versions/A/BackgroundTaskManagement
0x00007ff81ee33000 	/System/Library/Frameworks/ImageIO.framework/Versions/A/Resources/libRadiance.dylib
0x00007ff81ee3c000 	/System/Library/Frameworks/ImageIO.framework/Versions/A/Resources/libJPEG.dylib
0x00007ff81ed8d000 	/System/Library/Frameworks/ImageIO.framework/Versions/A/Resources/libPng.dylib
0x00007ff81edae000 	/System/Library/Frameworks/ImageIO.framework/Versions/A/Resources/libTIFF.dylib
0x00007ff81ee9a000 	/System/Library/Frameworks/ImageIO.framework/Versions/A/Resources/libGIF.dylib
0x00007ff81e6c2000 	/System/Library/Frameworks/ImageIO.framework/Versions/A/Resources/libJP2.dylib
0x00007ff81de04000 	/usr/lib/libexpat.1.dylib
0x00007ff81e677000 	/System/Library/PrivateFrameworks/AppleJPEG.framework/Versions/A/AppleJPEG
0x00007ff81aebe000 	/System/Library/PrivateFrameworks/FontServices.framework/libFontParser.dylib
0x00007ff818570000 	/System/Library/PrivateFrameworks/RunningBoardServices.framework/Versions/A/RunningBoardServices
0x00007ff82959d000 	/System/Library/PrivateFrameworks/IOSurfaceAccelerator.framework/Versions/A/IOSurfaceAccelerator
0x00007ff81e7a1000 	/System/Library/PrivateFrameworks/WatchdogClient.framework/Versions/A/WatchdogClient
0x00007ff813192000 	/System/Library/Frameworks/CoreDisplay.framework/Versions/A/CoreDisplay
0x00007ff81adbe000 	/System/Library/Frameworks/CoreMedia.framework/Versions/A/CoreMedia
0x00007ff81ac5b000 	/System/Library/PrivateFrameworks/IOAccelerator.framework/Versions/A/IOAccelerator
0x00007ff819b70000 	/System/Library/Frameworks/CoreVideo.framework/Versions/A/CoreVideo
0x00007ff81d38f000 	/System/Library/Frameworks/MetalPerformanceShaders.framework/Versions/A/MetalPerformanceShaders
0x00007ff81e7dc000 	/System/Library/Frameworks/VideoToolbox.framework/Versions/A/VideoToolbox
0x00007ff8184b8000 	/System/Library/PrivateFrameworks/BaseBoard.framework/Versions/A/BaseBoard
0x00007ff818249000 	/System/Library/PrivateFrameworks/ProtocolBuffer.framework/Versions/A/ProtocolBuffer
0x00007ff81ee2c000 	/System/Library/PrivateFrameworks/GPUWrangler.framework/Versions/A/GPUWrangler
0x00007ff81ee0f000 	/System/Library/PrivateFrameworks/IOPresentment.framework/Versions/A/IOPresentment
0x00007ff81ee36000 	/System/Library/PrivateFrameworks/DSExternalDisplay.framework/Versions/A/DSExternalDisplay
0x00007ffa2a1df000 	/System/Library/Frameworks/OpenGL.framework/Versions/A/Libraries/libCoreFSCache.dylib
0x00007ffb1618c000 	/System/Library/PrivateFrameworks/GPUCompiler.framework/Versions/31001/Libraries/libGPUCompilerUtils.dylib
0x00007ff81ee9f000 	/System/Library/PrivateFrameworks/CMCaptureCore.framework/Versions/A/CMCaptureCore
0x00007ff81e3b0000 	/System/Library/PrivateFrameworks/AppServerSupport.framework/Versions/A/AppServerSupport
0x00007ff82057a000 	/System/Library/PrivateFrameworks/perfdata.framework/Versions/A/perfdata
0x00007ff8132be000 	/System/Library/PrivateFrameworks/AudioToolboxCore.framework/Versions/A/AudioToolboxCore
0x00007ff81ad9b000 	/System/Library/PrivateFrameworks/caulk.framework/Versions/A/caulk
0x00007ff81fea7000 	/usr/lib/libAudioStatistics.dylib
0x00007ff91703b000 	/System/Library/PrivateFrameworks/SystemPolicy.framework/Versions/A/SystemPolicy
0x00007ff8200f3000 	/usr/lib/libSMC.dylib
0x00007ff828edf000 	/System/Library/Frameworks/CoreMIDI.framework/Versions/A/CoreMIDI
0x00007ff81ed5d000 	/usr/lib/libAudioToolboxUtility.dylib
0x00007ff9134c3000 	/System/Library/PrivateFrameworks/OSAServicesClient.framework/Versions/A/OSAServicesClient
0x00007ff820587000 	/usr/lib/libperfcheck.dylib
0x00007ff917ac7000 	/usr/lib/libmis.dylib
0x00007ffa2a23b000 	/System/Library/Frameworks/OpenGL.framework/Versions/A/Libraries/libGLU.dylib
0x00007ffa2a1fe000 	/System/Library/Frameworks/OpenGL.framework/Versions/A/Libraries/libGFXShared.dylib
0x00007ffa2a40c000 	/System/Library/Frameworks/OpenGL.framework/Versions/A/Libraries/libGL.dylib
0x00007ffa2a207000 	/System/Library/Frameworks/OpenGL.framework/Versions/A/Libraries/libGLImage.dylib
0x00007ffa2a1fb000 	/System/Library/Frameworks/OpenGL.framework/Versions/A/Libraries/libCVMSPluginSupport.dylib
0x00007ffa2a1e6000 	/System/Library/Frameworks/OpenGL.framework/Versions/A/Libraries/libCoreVMClient.dylib
0x00007ff81b8fb000 	/System/Library/Frameworks/MetalPerformanceShaders.framework/Versions/A/Frameworks/MPSCore.framework/Versions/A/MPSCore
0x00007ff81cd2b000 	/System/Library/Frameworks/MetalPerformanceShaders.framework/Versions/A/Frameworks/MPSImage.framework/Versions/A/MPSImage
0x00007ff81c7e2000 	/System/Library/Frameworks/MetalPerformanceShaders.framework/Versions/A/Frameworks/MPSNeuralNetwork.framework/Versions/A/MPSNeuralNetwork
0x00007ff81cc57000 	/System/Library/Frameworks/MetalPerformanceShaders.framework/Versions/A/Frameworks/MPSMatrix.framework/Versions/A/MPSMatrix
0x00007ff81ca13000 	/System/Library/Frameworks/MetalPerformanceShaders.framework/Versions/A/Frameworks/MPSRayIntersector.framework/Versions/A/MPSRayIntersector
0x00007ff81cc90000 	/System/Library/Frameworks/MetalPerformanceShaders.framework/Versions/A/Frameworks/MPSNDArray.framework/Versions/A/MPSNDArray
0x00007ffa2ede4000 	/System/Library/Frameworks/MetalPerformanceShaders.framework/Versions/A/Frameworks/MPSFunctions.framework/Versions/A/MPSFunctions
0x00007ff812698000 	/System/Library/PrivateFrameworks/MetalTools.framework/Versions/A/MetalTools
0x00007ff81b975000 	/System/Library/PrivateFrameworks/AggregateDictionary.framework/Versions/A/AggregateDictionary
0x00007ff81dbe6000 	/usr/lib/libIOReport.dylib
0x00007ffa2b81b000 	/System/Library/Frameworks/OpenCL.framework/Versions/A/OpenCL
0x00007ff81df4a000 	/System/Library/PrivateFrameworks/FaceCore.framework/Versions/A/FaceCore
0x00007ff81df3b000 	/System/Library/PrivateFrameworks/GraphVisualizer.framework/Versions/A/GraphVisualizer
0x00007ffb16097000 	/System/Library/PrivateFrameworks/FontServices.framework/Versions/A/FontServices
0x00007ff81e367000 	/System/Library/PrivateFrameworks/OTSVG.framework/Versions/A/OTSVG
0x00007ff819758000 	/System/Library/Frameworks/ApplicationServices.framework/Versions/A/Frameworks/ATS.framework/Versions/A/Resources/libFontRegistry.dylib
0x00007ff81e3b8000 	/System/Library/PrivateFrameworks/FontServices.framework/libhvf.dylib
0x00007ffb16098000 	/System/Library/PrivateFrameworks/FontServices.framework/libXTFontStaticRegistryData.dylib
0x00007ff81ddb4000 	/System/Library/PrivateFrameworks/AppleVA.framework/Versions/A/AppleVA
0x00007ff81fec7000 	/System/Library/Frameworks/ApplicationServices.framework/Versions/A/Frameworks/ATS.framework/Versions/A/ATS
0x00007ff817966000 	/System/Library/Frameworks/ApplicationServices.framework/Versions/A/Frameworks/HIServices.framework/Versions/A/HIServices
0x00007ff81eea9000 	/System/Library/Frameworks/ApplicationServices.framework/Versions/A/Frameworks/PrintCore.framework/Versions/A/PrintCore
0x00007ff820246000 	/System/Library/Frameworks/ApplicationServices.framework/Versions/A/Frameworks/QD.framework/Versions/A/QD
0x00007ff82023e000 	/System/Library/Frameworks/ApplicationServices.framework/Versions/A/Frameworks/ColorSyncLegacy.framework/Versions/A/ColorSyncLegacy
0x00007ff81feb7000 	/System/Library/Frameworks/ApplicationServices.framework/Versions/A/Frameworks/SpeechSynthesis.framework/Versions/A/SpeechSynthesis
0x00007ff81ee6a000 	/System/Library/Frameworks/ApplicationServices.framework/Versions/A/Frameworks/ATSUI.framework/Versions/A/ATSUI
0x00007ff8201d3000 	/usr/lib/libcups.2.dylib
0x00007ff820596000 	/System/Library/Frameworks/Kerberos.framework/Versions/A/Kerberos
0x00007ff8205a5000 	/System/Library/Frameworks/GSS.framework/Versions/A/GSS
0x00007ff81ff33000 	/usr/lib/libresolv.9.dylib
0x00007ff81e3c7000 	/System/Library/PrivateFrameworks/Heimdal.framework/Versions/A/Heimdal
0x00007ff827049000 	/System/Library/Frameworks/Kerberos.framework/Versions/A/Libraries/libHeimdalProxy.dylib
0x00007ff818645000 	/System/Library/Frameworks/Network.framework/Versions/A/Network
0x00007ff81de1e000 	/usr/lib/libheimdal-asn1.dylib
0x00007ff8205f0000 	/System/Library/PrivateFrameworks/CommonAuth.framework/Versions/A/CommonAuth
0x00007ff81fe38000 	/System/Library/PrivateFrameworks/AudioSession.framework/Versions/A/AudioSession
0x00007ff81deae000 	/System/Library/PrivateFrameworks/MediaExperience.framework/Versions/A/MediaExperience
0x00007ff81fccc000 	/System/Library/PrivateFrameworks/AudioSession.framework/libSessionUtility.dylib
0x00007ff820252000 	/System/Library/PrivateFrameworks/AudioResourceArbitration.framework/Versions/A/AudioResourceArbitration
0x00007ff81de27000 	/System/Library/PrivateFrameworks/IconFoundation.framework/Versions/A/IconFoundation
0x00007ff82302c000 	/System/Library/PrivateFrameworks/SpeechRecognitionCore.framework/Versions/A/SpeechRecognitionCore
0x00007ffa1b68e000 	/System/Library/CoreServices/Encodings/libKoreanConverter.dylib
0x000000010c059000 	/Users/jojunbeom/Library/Java/JavaVirtualMachines/corretto-11.0.14.1/Contents/Home/lib/server/libjvm.dylib
0x000000010b33a000 	/Users/jojunbeom/Library/Java/JavaVirtualMachines/corretto-11.0.14.1/Contents/Home/lib/libverify.dylib
0x000000010b362000 	/Users/jojunbeom/Library/Java/JavaVirtualMachines/corretto-11.0.14.1/Contents/Home/lib/libjava.dylib
0x000000010b2d0000 	/Users/jojunbeom/Library/Java/JavaVirtualMachines/corretto-11.0.14.1/Contents/Home/lib/libjimage.dylib
0x000000010b3e1000 	/Users/jojunbeom/Library/Java/JavaVirtualMachines/corretto-11.0.14.1/Contents/Home/lib/libinstrument.dylib
0x000000010b49c000 	/private/var/folders/k6/dkc35rrd3kvf4z8xbpc5z4zh0000gn/T/libasyncProfiler.so
0x000000010b45c000 	/Users/jojunbeom/Library/Java/JavaVirtualMachines/corretto-11.0.14.1/Contents/Home/lib/libzip.dylib
0x000000012ecd1000 	/Users/jojunbeom/Library/Java/JavaVirtualMachines/corretto-11.0.14.1/Contents/Home/lib/libnio.dylib
0x000000012ed21000 	/Users/jojunbeom/Library/Java/JavaVirtualMachines/corretto-11.0.14.1/Contents/Home/lib/libnet.dylib
0x000000012ed64000 	/Users/jojunbeom/Library/Java/JavaVirtualMachines/corretto-11.0.14.1/Contents/Home/lib/libextnet.dylib


VM Arguments:
jvm_args: -javaagent:/Applications/IntelliJ IDEA.app/Contents/lib/idea_rt.jar=63314:/Applications/IntelliJ IDEA.app/Contents/bin -agentpath:/private/var/folders/k6/dkc35rrd3kvf4z8xbpc5z4zh0000gn/T/libasyncProfiler.so=start,jfr,event=cpu,interval=1ms,event=alloc,file=/Users/jojunbeom/Unnamed_2022_06_14_235827.jfr -Dfile.encoding=UTF-8 
java_command: com.project.board.BoardFrame
java_class_path (initial): /Users/jojunbeom/Downloads/study/Java_Application_Board_v1/out/production/Java_Application_Board_v1
Launcher Type: SUN_STANDARD

[Global flags]
     intx CICompilerCount                          = 4                                         {product} {ergonomic}
     uint ConcGCThreads                            = 2                                         {product} {ergonomic}
     uint G1ConcRefinementThreads                  = 8                                         {product} {ergonomic}
   size_t G1HeapRegionSize                         = 1048576                                   {product} {ergonomic}
    uintx GCDrainStackTargetSize                   = 64                                        {product} {ergonomic}
   size_t InitialHeapSize                          = 134217728                                 {product} {ergonomic}
   size_t MarkStackSize                            = 4194304                                   {product} {ergonomic}
   size_t MaxHeapSize                              = 2147483648                                {product} {ergonomic}
   size_t MaxNewSize                               = 1287651328                                {product} {ergonomic}
   size_t MinHeapDeltaBytes                        = 1048576                                   {product} {ergonomic}
    uintx NonNMethodCodeHeapSize                   = 5836300                                {pd product} {ergonomic}
    uintx NonProfiledCodeHeapSize                  = 122910970                              {pd product} {ergonomic}
    uintx ProfiledCodeHeapSize                     = 122910970                              {pd product} {ergonomic}
    uintx ReservedCodeCacheSize                    = 251658240                              {pd product} {ergonomic}
     bool SegmentedCodeCache                       = true                                      {product} {ergonomic}
     bool UseCompressedClassPointers               = true                                 {lp64_product} {ergonomic}
     bool UseCompressedOops                        = true                                 {lp64_product} {ergonomic}
     bool UseG1GC                                  = true                                      {product} {ergonomic}

Logging:
Log output configuration:
 #0: stdout all=warning uptime,level,tags
 #1: stderr all=off uptime,level,tags

Environment Variables:
JAVA_HOME=/Library/Java/JavaVirtualMachines/zulu-11.jdk/Contents/Home
PATH=/opt/homebrew/bin:/opt/homebrew/sbin:/usr/local/bin:/usr/bin:/bin:/usr/sbin:/sbin:/Library/Java/JavaVirtualMachines/zulu-11.jdk/Contents/Home/bin
SHELL=/bin/zsh
LC_CTYPE=ko_KR.UTF-8

Signal Handlers:
SIGSEGV: [libjvm.dylib+0x7ccc92], sa_mask[0]=11111111111111111111111111111111, sa_flags=SA_ONSTACK|SA_RESTART|SA_SIGINFO
SIGBUS: [libjvm.dylib+0x7ccc92], sa_mask[0]=11111111111111111111111111111111, sa_flags=SA_RESTART|SA_SIGINFO
SIGFPE: [libjvm.dylib+0x7ccc92], sa_mask[0]=11111111111111111111111111111111, sa_flags=SA_RESTART|SA_SIGINFO
SIGPIPE: [libjvm.dylib+0x630218], sa_mask[0]=11111111111111111111111111111111, sa_flags=SA_RESTART|SA_SIGINFO
SIGXFSZ: [libjvm.dylib+0x630218], sa_mask[0]=11111111111111111111111111111111, sa_flags=SA_RESTART|SA_SIGINFO
SIGILL: [libjvm.dylib+0x7ccc92], sa_mask[0]=11111111111111111111111111111111, sa_flags=SA_RESTART|SA_SIGINFO
SIGUSR2: [libjvm.dylib+0x6307f6], sa_mask[0]=00100000000000000000000000000000, sa_flags=SA_RESTART|SA_SIGINFO
SIGHUP: [libjvm.dylib+0x62f3a9], sa_mask[0]=11111111111111111111111111111111, sa_flags=SA_RESTART|SA_SIGINFO
SIGINT: [libjvm.dylib+0x62f3a9], sa_mask[0]=11111111111111111111111111111111, sa_flags=SA_RESTART|SA_SIGINFO
SIGTERM: [libjvm.dylib+0x62f3a9], sa_mask[0]=11111111111111111111111111111111, sa_flags=SA_RESTART|SA_SIGINFO
SIGQUIT: [libjvm.dylib+0x62f3a9], sa_mask[0]=11111111111111111111111111111111, sa_flags=SA_RESTART|SA_SIGINFO


---------------  S Y S T E M  ---------------

OS:uname:Darwin 21.1.0 Darwin Kernel Version 21.1.0: Wed Oct 13 17:33:24 PDT 2021; root:xnu-8019.41.5~1/RELEASE_ARM64_T8101 x86_64
OS uptime: 6 days 11:32 hours
rlimit (soft/hard): STACK 8176k/65520k , CORE 0k/infinity , NPROC 1333/2000 , NOFILE 10240/infinity , AS infinity/infinity , CPU infinity/infinity , DATA infinity/infinity , FSIZE infinity/infinity , MEMLOCK infinity/infinity , RSS infinity/infinity
load average:2.44 2.47 2.43

CPU:total 8 (initial active 8) (1 cores per cpu, 1 threads per core) family 6 model 44 stepping 0 microcode 0x0, cmov, cx8, fxsr, mmx, sse, sse2, sse3, ssse3, sse4.1, sse4.2, popcnt, aes, clmul, tsc, tscinvbit, tscinv

Memory: 4k page, physical 8388608k(23620k free), swap 3145728k(1455616k free)

vm_info: OpenJDK 64-Bit Server VM (11.0.14.1+10-LTS) for bsd-amd64 JRE (11.0.14.1+10-LTS), built on Feb  8 2022 01:38:57 by "ec2user" with clang Apple LLVM 13.0.0 (clang-1300.0.29.30)

END.
